make all --print-data-base --no-builtin-variables --no-builtin-rules --question
fatal: bad revision 'HEAD'

fatal: your current branch 'master' does not have any commits yet

# GNU Make 4.2.1
# Built for x86_64-pc-linux-gnu
# Copyright (C) 1988-2016 Free Software Foundation, Inc.
# License GPLv3+: GNU GPL version 3 or later <http://gnu.org/licenses/gpl.html>
# This is free software: you are free to change and redistribute it.
# There is NO WARRANTY, to the extent permitted by law.

# Make data base, printed on Fri Jun 10 16:33:39 2022

# Variables

# makefile (from 'Makefile', line 36)
build_tags := netgo
# automatic
<D = $(patsubst %/,%,$(dir $<))
# automatic
?F = $(notdir $?)
# environment
DESKTOP_SESSION = Lubuntu
# default
.SHELLFLAGS := -c
# environment
XDG_SESSION_CLASS = user
# makefile (from 'Makefile', line 108)
TM_CRYPTO_TYPES = third_party/proto/tendermint/crypto
# environment
XDG_SESSION_TYPE = x11
# environment
VSCODE_LOG_NATIVE = false
# makefile (from 'Makefile', line 5)
DOCKER_BUF := /usr/bin/docker run --rm -v /home/dev/sapians/gravity-bridge-main/module:/workspace --workdir /workspace bufbuild/buf
# makefile (from 'Makefile', line 117)
PROTOBUF_GOOGLE_TYPES = third_party/proto/google/protobuf
# environment
NVM_INC = /home/dev/.config/nvm/versions/node/v14.10.0/include/node
# automatic
?D = $(patsubst %/,%,$(dir $?))
# automatic
@D = $(patsubst %/,%,$(dir $@))
# environment
XAUTHORITY = /home/dev/.Xauthority
# automatic
@F = $(notdir $@)
# default
MAKE_VERSION := 4.2.1
# makefile
CURDIR := /home/dev/sapians/gravity-bridge-main/module
# makefile
SHELL = /bin/sh
# environment
VSCODE_NLS_CONFIG = {"locale":"en-us","availableLanguages":{},"_languagePackSupport":true}
# makefile (from 'Makefile', line 39)
whitespace := $(subst ,, )
# environment
_ = /usr/share/code/code
# environment
XDG_CONFIG_DIRS = /etc/xdg/xdg-Lubuntu:/etc/xdg:/etc:/usr/share
# makefile (from 'Makefile', line 111)
TM_VERSION = third_party/proto/tendermint/version
# environment
GTK_OVERLAY_SCROLLING = 0
# makefile (from 'Makefile', line 1)
MAKEFILE_LIST :=  Makefile
# makefile (from 'Makefile', line 109)
TM_ABCI_TYPES = third_party/proto/tendermint/abci
# 'override' directive
GNUMAKEFLAGS := 
# environment
LXQT_DEFAULT_OPENBOX_CONFIG = /etc/xdg/xdg-Lubuntu/openbox/lxqt-rc.xml
# environment
MAKELEVEL := 0
# environment
XDG_DATA_DIRS = /usr/share/Lubuntu:/usr/local/share:/usr/share:/var/lib/snapd/desktop
# environment
VSCODE_AMD_ENTRYPOINT = vs/workbench/api/node/extensionHostProcess
# environment
DBUS_SESSION_BUS_ADDRESS = unix:path=/run/user/1000/bus
# makefile (from 'Makefile', line 2)
VERSION := 
# environment
VSCODE_VERBOSE_LOGGING = true
# makefile (from 'Makefile', line 43)
ldflags = -X github.com/cosmos/cosmos-sdk/version.Name=gravity -X github.com/cosmos/cosmos-sdk/version.AppName=gravity -X github.com/cosmos/cosmos-sdk/version.Version=$(VERSION) -X github.com/cosmos/cosmos-sdk/version.Commit=$(COMMIT) -X "github.com/cosmos/cosmos-sdk/version.BuildTags=$(build_tags_comma_sep)" 
# makefile (from 'Makefile', line 114)
GOGO_PROTO_TYPES = third_party/proto/gogoproto
# environment
LESSOPEN = | /usr/bin/lesspipe %s
# environment
LC_NAME = ru_RU.UTF-8
# environment
VSCODE_CWD = /home/dev
# environment
GOPROXY = https://proxy.golang.org,direct
# makefile (from 'Makefile', line 121)
SDK_COIN_TYPES = third_party/proto/cosmos/base/v1beta1
# environment
XDG_SESSION_PATH = /org/freedesktop/DisplayManager/Session1
# default
MAKE_HOST := x86_64-pc-linux-gnu
# environment
PATH = /home/dev/.local/share/solana/install/active_release/bin:/home/dev/.cargo/bin:/usr/local/sbin:/usr/local/bin:/usr/sbin:/usr/bin:/sbin:/bin:/usr/games:/usr/local/games:/snap/bin:/usr/local/go/bin
# makefile (from 'Makefile', line 103)
COSMOS_PROTO_URL = https://raw.githubusercontent.com/regen-network/cosmos-proto/master
# makefile (from 'Makefile', line 105)
GOOGLE_PROTO_URL = https://raw.githubusercontent.com/googleapis/googleapis/master/google/api
# environment
GPG_AGENT_INFO = /run/user/1000/gnupg/S.gpg-agent:0:1
# environment
LXQT_SESSION_CONFIG = session
# environment
XDG_RUNTIME_DIR = /run/user/1000
# makefile (from 'Makefile', line 104)
COSMOS_SDK_PROTO_URL = https://raw.githubusercontent.com/cosmos/cosmos-sdk/master/proto/cosmos/base
# makefile (from 'Makefile', line 40)
comma := ,
# makefile (from 'Makefile', line 4)
DOCKER := /usr/bin/docker
# environment
GOPATH = /home/dev/go
# environment
NVM_BIN = /home/dev/.config/nvm/versions/node/v14.10.0/bin
# environment
XDG_MENU_PREFIX = lxqt-
# environment
VSCODE_LOG_STACK = false
# environment
ELECTRON_RUN_AS_NODE = 1
# makefile (from 'Makefile', line 3)
COMMIT := 
# default
.FEATURES := target-specific order-only second-expansion else-if shortest-stem undefine oneshell archives jobserver output-sync check-symlink load
# environment
LS_COLORS = 
# environment
XDG_SESSION_DESKTOP = 
# makefile (from 'Makefile', line 101)
TM_URL = https://raw.githubusercontent.com/tendermint/tendermint/v0.34.0-rc3/proto/tendermint
# environment
SSH_AUTH_SOCK = /tmp/ssh-iY1rse1lI50q/agent.1268
# automatic
%F = $(notdir $%)
# environment
DISPLAY = :0
# makefile (from 'Makefile', line 41)
build_tags_comma_sep := netgo
# environment
VSCODE_PIPE_LOGGING = true
# environment
PWD = /home/dev/sapians/gravity-bridge-main/module
# environment
QT_QPA_PLATFORMTHEME = lxqt
# default
.LOADED := 
# environment
XDG_SEAT = seat0
# environment
SSH_AGENT_PID = 1309
# environment
ORIGINAL_XDG_CURRENT_DESKTOP = LXQt
# environment
GOMODCACHE = /home/dev/go/pkg/mod
# environment
HOME = /home/dev
# automatic
+D = $(patsubst %/,%,$(dir $+))
# environment
XDG_CACHE_HOME = /home/dev/.cache
# environment
LESSCLOSE = /usr/bin/lesspipe %s %s
# environment
VSCODE_CODE_CACHE_PATH = /home/dev/.config/Code/CachedData/c3511e6c69bb39013c4a4b7b9566ec1ca73fc4d5
# environment
LOGNAME = dev
# environment
APPLICATION_INSIGHTS_NO_DIAGNOSTIC_CHANNEL = true
# environment
NVM_CD_FLAGS = 
# automatic
+F = $(notdir $+)
# environment
VSCODE_HANDLES_UNCAUGHT_ERRORS = true
# automatic
^D = $(patsubst %/,%,$(dir $^))
# environment
XDG_VTNR = 1
# environment
LC_TIME = ru_RU.UTF-8
# default
MAKE = $(MAKE_COMMAND)
# default
MAKECMDGOALS := all
# environment
SHLVL = 0
# makefile (from 'Makefile', line 116)
GOOGLE_PROTO_TYPES = third_party/proto/google/api
 
# makefile (from 'Makefile', line 49)
 
BUILD_FLAGS := -ldflags '-X github.com/cosmos/cosmos-sdk/version.Name=gravity -X github.com/cosmos/cosmos-sdk/version.AppName=gravity -X github.com/cosmos/cosmos-sdk/version.Version= -X github.com/cosmos/cosmos-sdk/version.Commit= -X "github.com/cosmos/cosmos-sdk/version.BuildTags=netgo" ' -gcflags="all=-N -l"
 
# environment
 
VSCODE_IPC_HOOK_EXTHOST = /run/user/1000/vscode-ipc-586d9290-75e8-496f-a1c3-f11afb92ea4d.sock
 
# environment
 
XDG_SESSION_ID = 3
 
# environment
 
USER = dev
 
# environment
 
LC_MONETARY = ru_RU.UTF-8
 
# makefile
 
.DEFAULT_GOAL := all
 
# environment
 
XDG_CURRENT_DESKTOP = LXQt
 
# makefile (from 'Makefile', line 120)
 
SDK_QUERY_TYPES = third_party/proto/cosmos/base/query/v1beta1
 
# automatic
 
%D = $(patsubst %/,%,$(dir $%))
 
# environment
 
SAL_USE_VCLPLUGIN = qt5
 
# environment
 
LC_TELEPHONE = ru_RU.UTF-8
 
# default
MAKE_COMMAND := make
# default
.VARIABLES := 
# makefile (from 'Makefile', line 110)
TM_TYPES = third_party/proto/tendermint/types
# automatic
*F = $(notdir $*)
# environment
XDG_SEAT_PATH = /org/freedesktop/DisplayManager/Seat0
# environment
VSCODE_IPC_HOOK = /run/user/1000/vscode-382e5fbe-1.67.2-main.sock
# makefile (from 'Makefile', line 119)
SDK_ABCI_TYPES = third_party/proto/cosmos/base/abci/v1beta1
# makefile
MAKEFLAGS = pqrR
# environment
MFLAGS = -pqrR
# automatic
*D = $(patsubst %/,%,$(dir $*))
# environment
NVM_DIR = /home/dev/.config/nvm
# makefile (from 'Makefile', line 106)
PROTOBUF_GOOGLE_URL = https://raw.githubusercontent.com/protocolbuffers/protobuf/master/src/google/protobuf
# environment
GTK_CSD = 0
# makefile (from 'Makefile', line 6)
HTTPS_GIT := https://github.com/cosmos/gravity-bridge.git
# environment
GDK_BACKEND = x11
# environment
QT_PLATFORM_PLUGIN = lxqt
# environment
BROWSER = firefox
# environment
NO_AT_BRIDGE = 1
# makefile (from 'Makefile', line 1)
PACKAGES = $(shell go list ./... | grep -v '/simulation')
# environment
QT_ACCESSIBILITY = 1
# 'override' directive
.SHELLSTATUS := 0
# default
MAKEFILES := 
# environment
LC_NUMERIC = ru_RU.UTF-8
# automatic
<F = $(notdir $<)
# automatic
^F = $(notdir $^)
# environment
LC_MEASUREMENT = ru_RU.UTF-8
# environment
XDG_CONFIG_HOME = /home/dev/.config
# environment
LC_ALL = C
# makefile (from 'Makefile', line 112)
TM_LIBS = third_party/proto/tendermint/libs/bits
# environment
LC_PAPER = ru_RU.UTF-8
# makefile (from 'Makefile', line 115)
COSMOS_PROTO_TYPES = third_party/proto/cosmos_proto
# makefile (from 'Makefile', line 102)
GOGO_PROTO_URL = https://raw.githubusercontent.com/regen-network/protobuf/cosmos
 
# environment
XDG_DATA_HOME = /home/dev/.local/share
# default
SUFFIXES := 
# environment
CHROME_DESKTOP = code-url-handler.desktop
# default
.INCLUDE_DIRS = /usr/include /usr/local/include /usr/include
# environment
LC_IDENTIFICATION = ru_RU.UTF-8
# default
.RECIPEPREFIX := 
# environment
LC_ADDRESS = ru_RU.UTF-8
# environment
LANG = C
# environment
TERM = qterminal
# environment
VSCODE_PID = 1669
# variable set hash-table stats:
# Load=145/1024=14%, Rehash=0, Collisions=20/204=10%

# Pattern-specific Variable Values

# No pattern-specific variable values.

# Directories

# . (device 2049, inode 1969599): 19 files, no impossibilities.

# 19 files, no impossibilities in 1 directories.

# Implicit Rules

# No implicit rules.

# Files

proto-lint:
#  Implicit rule search has not been done.
#  Modification time never checked.
#  File has not been updated.
#  recipe to execute (from 'Makefile', line 95):
	@$(DOCKER_BUF) lint --error-format=json

go.sum: go.mod
#  Implicit rule search has not been done.
#  Last modified 2022-06-08 04:35:56.807295224
#  File has been updated.
#  Successfully updated.
#  recipe to execute (from 'Makefile', line 57):
		@echo "--> Ensure dependencies have not been modified"
		GO111MODULE=on go mod verify

all: install
#  Command line target.
#  Implicit rule search has been done.
#  File does not exist.
#  File has been updated.
#  Needs to be updated (-q is set).
# variable set hash-table stats:
# Load=0/32=0%, Rehash=0, Collisions=0/4=0%

proto-gen:
 
#  Implicit rule search has not been done.
 
#  Modification time never checked.
 
#  File has not been updated.
 
#  recipe to execute (from 'Makefile', line 89):
 
	@echo "Generating Protobuf files"
 
	# todo: figure out why this old method was failing
 
	# $(DOCKER) run --rm -v $(CURDIR):/workspace --workdir /workspace tendermintdev/sdk-proto-gen:v0.1 sh ./contrib/local/protocgen.sh
 
	@sh ./contrib/local/protocgen.sh
 

 
docker-build:
#  Implicit rule search has not been done.
#  Modification time never checked.
#  File has not been updated.
#  recipe to execute (from 'Makefile', line 67):
	docker build -t github.com/althea-net/gravity:latest

proto-format:
#  Implicit rule search has not been done.
#  Modification time never checked.
#  File has not been updated.
#  recipe to execute (from 'Makefile', line 82):
	@echo "Formatting Protobuf files"
	$(DOCKER) run --rm -v $(CURDIR):/workspace \
	--workdir /workspace tendermintdev/docker-build-proto \
	find ./ -not -path "./third_party/*" -name *.proto -exec clang-format -i {} \;

# Not a target:
.SUFFIXES:
#  Implicit rule search has not been done.
#  Modification time never checked.
#  File has not been updated.

# Not a target:
Makefile:
#  Implicit rule search has been done.
#  Last modified 2021-08-28 08:27:30
#  File has been updated.
#  Successfully updated.

test:
#  Implicit rule search has not been done.
#  Modification time never checked.
#  File has not been updated.
#  recipe to execute (from 'Makefile', line 61):
	@go test -mod=readonly $(PACKAGES)

build:
#  Implicit rule search has not been done.
#  Modification time never checked.
#  File has not been updated.
#  recipe to execute (from 'Makefile', line 64):
	go build -o build/gravity $(BUILD_FLAGS) ./cmd/gravity/main.go

proto-all: proto-format proto-lint proto-gen
#  Implicit rule search has not been done.
#  Modification time never checked.
#  File has not been updated.

lint:
#  Implicit rule search has not been done.
#  Modification time never checked.
#  File has not been updated.
#  recipe to execute (from 'Makefile', line 71):
	@echo "--> Running linter"
	@golangci-lint run
	@go mod verify

# Not a target:
.DEFAULT:
#  Implicit rule search has not been done.
#  Modification time never checked.
#  File has not been updated.

proto-update-deps:
#  Implicit rule search has not been done.
#  Modification time never checked.
#  File has not been updated.
#  recipe to execute (from 'Makefile', line 124):
	mkdir -p $(GOGO_PROTO_TYPES)
	curl -sSL $(GOGO_PROTO_URL)/gogoproto/gogo.proto > $(GOGO_PROTO_TYPES)/gogo.proto
	mkdir -p $(COSMOS_PROTO_TYPES)
	curl -sSL $(COSMOS_PROTO_URL)/cosmos.proto > $(COSMOS_PROTO_TYPES)/cosmos.proto
	mkdir -p $(TM_ABCI_TYPES)
	curl -sSL $(TM_URL)/abci/types.proto > $(TM_ABCI_TYPES)/types.proto
	mkdir -p $(TM_VERSION)
	curl -sSL $(TM_URL)/version/types.proto > $(TM_VERSION)/types.proto
	mkdir -p $(TM_TYPES)
	curl -sSL $(TM_URL)/types/types.proto > $(TM_TYPES)/types.proto
	curl -sSL $(TM_URL)/types/evidence.proto > $(TM_TYPES)/evidence.proto
	curl -sSL $(TM_URL)/types/params.proto > $(TM_TYPES)/params.proto
	mkdir -p $(TM_CRYPTO_TYPES)
	curl -sSL $(TM_URL)/crypto/proof.proto > $(TM_CRYPTO_TYPES)/proof.proto
	curl -sSL $(TM_URL)/crypto/keys.proto > $(TM_CRYPTO_TYPES)/keys.proto
	mkdir -p $(TM_LIBS)
	curl -sSL $(TM_URL)/libs/bits/types.proto > $(TM_LIBS)/types.proto
	mkdir -p $(SDK_ABCI_TYPES)
	curl -sSL $(COSMOS_SDK_PROTO_URL)/abci/v1beta1/abci.proto > $(SDK_ABCI_TYPES)/abci.proto
	mkdir -p $(SDK_QUERY_TYPES)
	curl -sSL $(COSMOS_SDK_PROTO_URL)/query/v1beta1/pagination.proto > $(SDK_QUERY_TYPES)/pagination.proto
	mkdir -p $(SDK_COIN_TYPES)
	curl -sSL $(COSMOS_SDK_PROTO_URL)/v1beta1/coin.proto > $(SDK_COIN_TYPES)/coin.proto
	mkdir -p $(GOOGLE_PROTO_TYPES)
	curl -sSL $(GOOGLE_PROTO_URL)/annotations.proto > $(GOOGLE_PROTO_TYPES)/annotations.proto
	curl -sSL $(GOOGLE_PROTO_URL)/http.proto > $(GOOGLE_PROTO_TYPES)/http.proto
	curl -sSL $(GOOGLE_PROTO_URL)/httpbody.proto > $(GOOGLE_PROTO_TYPES)/httpbody.proto
	mkdir -p $(PROTOBUF_GOOGLE_TYPES)
	curl -sSL $(PROTOBUF_GOOGLE_URL)/any.proto > $(PROTOBUF_GOOGLE_TYPES)/any.proto

# Not a target:
go.mod:
#  Implicit rule search has been done.
#  Last modified 2021-08-28 08:27:30
#  File has been updated.
#  Successfully updated.

proto-check-breaking:
#  Implicit rule search has not been done.
#  Modification time never checked.
#  File has not been updated.
#  recipe to execute (from 'Makefile', line 98):
	@echo $(DOCKER_BUF) breaking --against "$(HTTPS_GIT)#branch=main"
	@$(DOCKER_BUF) breaking --against "$(HTTPS_GIT)#branch=main"

install: go.sum
#  Implicit rule search has not been done.
#  Implicit/static pattern stem: ''
#  File does not exist.
#  File has been updated.
#  Needs to be updated (-q is set).
# automatic
# @ := install
# automatic
# % := 
# automatic
# * := 
# automatic
# + := go.sum
# automatic
# | := 
# automatic
# < := go.sum
# automatic
# ^ := go.sum
# automatic
# ? := go.sum
# variable set hash-table stats:
# Load=8/32=25%, Rehash=0, Collisions=1/12=8%
#  recipe to execute (from 'Makefile', line 54):
		go install $(BUILD_FLAGS) ./cmd/gravity

# files hash-table stats:
# Load=17/1024=2%, Rehash=0, Collisions=1/40=2%
# VPATH Search Paths

# No 'vpath' search paths.

# No general ('VPATH' variable) search path.

# strcache buffers: 1 (0) / strings = 34 / storage = 310 B / avg = 9 B
# current buf: size = 8162 B / used = 310 B / count = 34 / avg = 9 B

# strcache performance: lookups = 61 / hit rate = 44%
# hash-table stats:
# Load=34/8192=0%, Rehash=0, Collisions=1/61=2%
# Finished Make data base on Fri Jun 10 16:33:39 2022

 
